mar. 24, 2022 1:02:47 P. M. com.tutorial.crud.security.controller.AuthController login
INFORMACIÓN: admin, intentando loggear 
mar. 24, 2022 1:02:51 P. M. com.tutorial.crud.security.controller.AuthController login
INFORMACIÓN: admin, log correcto 
mar. 24, 2022 1:03:18 P. M. com.tutorial.crud.security.controller.AuthController login
INFORMACIÓN: 63821, intentando loggear 
mar. 24, 2022 1:03:18 P. M. com.tutorial.crud.security.controller.AuthController login
ADVERTENCIA: 63821, log incorrecto 
mar. 24, 2022 1:03:32 P. M. com.tutorial.crud.security.controller.AuthController login
INFORMACIÓN: 63821, intentando loggear 
mar. 24, 2022 1:03:32 P. M. com.tutorial.crud.security.controller.AuthController login
ADVERTENCIA: 63821, log incorrecto 
mar. 24, 2022 1:09:41 P. M. com.tutorial.crud.security.controller.AuthController login
INFORMACIÓN: 63821, intentando loggear 
mar. 24, 2022 1:09:41 P. M. com.tutorial.crud.security.controller.AuthController login
INFORMACIÓN: 63821, log correcto 
mar. 24, 2022 1:10:33 P. M. com.tutorial.crud.security.controller.AuthController login
INFORMACIÓN: 63821, intentando loggear 
mar. 24, 2022 1:10:33 P. M. com.tutorial.crud.security.controller.AuthController login
INFORMACIÓN: 63821, log correcto 
mar. 24, 2022 1:10:41 P. M. com.tutorial.crud.security.controller.AuthController login
INFORMACIÓN: 63821, intentando loggear 
mar. 24, 2022 1:10:41 P. M. com.tutorial.crud.security.controller.AuthController login
INFORMACIÓN: 63821, log correcto 
mar. 24, 2022 1:19:50 P. M. com.tutorial.crud.security.controller.AuthController login
INFORMACIÓN: 63821, intentando loggear 
mar. 24, 2022 1:19:51 P. M. com.tutorial.crud.security.controller.AuthController login
INFORMACIÓN: 63821, log correcto 
mar. 24, 2022 1:19:56 P. M. com.tutorial.crud.security.controller.AuthController login
INFORMACIÓN: admin, intentando loggear 
mar. 24, 2022 1:19:56 P. M. com.tutorial.crud.security.controller.AuthController login
INFORMACIÓN: admin, log correcto 
mar. 24, 2022 1:46:42 P. M. com.tutorial.crud.security.controller.AuthController login
INFORMACIÓN: admin, intentando loggear 
mar. 24, 2022 1:46:42 P. M. com.tutorial.crud.security.controller.AuthController login
INFORMACIÓN: admin, log correcto 
mar. 24, 2022 6:01:47 P. M. com.tutorial.crud.security.controller.AuthController login
INFORMACIÓN: 63821, intentando loggear 
mar. 24, 2022 6:01:47 P. M. com.tutorial.crud.security.controller.AuthController login
INFORMACIÓN: 63821, log correcto 
abr. 13, 2022 10:47:46 A. M. com.tutorial.crud.security.controller.AuthController login
INFORMACIÓN: admin, intentando loggear 
abr. 13, 2022 10:47:46 A. M. com.tutorial.crud.security.controller.AuthController login
INFORMACIÓN: admin, log correcto 
abr. 13, 2022 10:58:30 A. M. com.tutorial.crud.security.controller.AuthController login
INFORMACIÓN: admin, intentando loggear 
abr. 13, 2022 10:58:30 A. M. com.tutorial.crud.security.controller.AuthController login
INFORMACIÓN: admin, log correcto 
abr. 13, 2022 11:00:04 A. M. com.tutorial.crud.security.controller.AuthController login
INFORMACIÓN: admin, intentando loggear 
abr. 13, 2022 11:00:04 A. M. com.tutorial.crud.security.controller.AuthController login
INFORMACIÓN: admin, log correcto 
abr. 13, 2022 11:08:47 A. M. com.tutorial.crud.security.controller.AuthController login
INFORMACIÓN: admin, intentando loggear 
abr. 13, 2022 11:08:47 A. M. com.tutorial.crud.security.controller.AuthController login
INFORMACIÓN: admin, log correcto 
abr. 13, 2022 11:08:55 A. M. com.tutorial.crud.security.controller.AuthController login
INFORMACIÓN: admin, intentando loggear 
abr. 13, 2022 11:08:55 A. M. com.tutorial.crud.security.controller.AuthController login
INFORMACIÓN: admin, log correcto 
abr. 13, 2022 11:08:57 A. M. com.tutorial.crud.security.controller.AuthController login
INFORMACIÓN: admin, intentando loggear 
abr. 13, 2022 11:08:57 A. M. com.tutorial.crud.security.controller.AuthController login
INFORMACIÓN: admin, log correcto 
abr. 13, 2022 11:15:19 A. M. com.tutorial.crud.security.controller.AuthController login
INFORMACIÓN: admin, intentando loggear 
abr. 13, 2022 11:15:19 A. M. com.tutorial.crud.security.controller.AuthController login
INFORMACIÓN: admin, log correcto 
abr. 13, 2022 11:15:21 A. M. com.tutorial.crud.security.controller.AuthController login
INFORMACIÓN: admin, intentando loggear 
abr. 13, 2022 11:15:21 A. M. com.tutorial.crud.security.controller.AuthController login
INFORMACIÓN: admin, log correcto 
abr. 13, 2022 11:15:22 A. M. com.tutorial.crud.security.controller.AuthController login
INFORMACIÓN: admin, intentando loggear 
abr. 13, 2022 11:15:22 A. M. com.tutorial.crud.security.controller.AuthController login
INFORMACIÓN: admin, log correcto 
abr. 13, 2022 11:15:23 A. M. com.tutorial.crud.security.controller.AuthController login
INFORMACIÓN: admin, intentando loggear 
abr. 13, 2022 11:15:23 A. M. com.tutorial.crud.security.controller.AuthController login
INFORMACIÓN: admin, log correcto 
abr. 13, 2022 11:15:23 A. M. com.tutorial.crud.security.controller.AuthController login
INFORMACIÓN: admin, intentando loggear 
abr. 13, 2022 11:15:23 A. M. com.tutorial.crud.security.controller.AuthController login
INFORMACIÓN: admin, log correcto 
abr. 13, 2022 11:15:24 A. M. com.tutorial.crud.security.controller.AuthController login
INFORMACIÓN: admin, intentando loggear 
abr. 13, 2022 11:15:24 A. M. com.tutorial.crud.security.controller.AuthController login
INFORMACIÓN: admin, log correcto 
abr. 13, 2022 11:15:25 A. M. com.tutorial.crud.security.controller.AuthController login
INFORMACIÓN: admin, intentando loggear 
abr. 13, 2022 11:15:25 A. M. com.tutorial.crud.security.controller.AuthController login
INFORMACIÓN: admin, log correcto 
abr. 13, 2022 11:15:28 A. M. com.tutorial.crud.security.controller.AuthController login
INFORMACIÓN: admin, intentando loggear 
abr. 13, 2022 11:15:29 A. M. com.tutorial.crud.security.controller.AuthController login
INFORMACIÓN: admin, log correcto 
abr. 13, 2022 11:15:41 A. M. com.tutorial.crud.security.controller.AuthController login
INFORMACIÓN: admin, intentando loggear 
abr. 13, 2022 11:15:41 A. M. com.tutorial.crud.security.controller.AuthController login
INFORMACIÓN: admin, log correcto 
abr. 13, 2022 11:15:41 A. M. com.tutorial.crud.security.controller.AuthController login
INFORMACIÓN: admin, intentando loggear 
abr. 13, 2022 11:15:42 A. M. com.tutorial.crud.security.controller.AuthController login
INFORMACIÓN: admin, log correcto 
abr. 13, 2022 11:15:42 A. M. com.tutorial.crud.security.controller.AuthController login
INFORMACIÓN: admin, intentando loggear 
abr. 13, 2022 11:15:42 A. M. com.tutorial.crud.security.controller.AuthController login
INFORMACIÓN: admin, log correcto 
abr. 13, 2022 11:15:43 A. M. com.tutorial.crud.security.controller.AuthController login
INFORMACIÓN: admin, intentando loggear 
abr. 13, 2022 11:15:43 A. M. com.tutorial.crud.security.controller.AuthController login
INFORMACIÓN: admin, log correcto 
abr. 13, 2022 11:15:43 A. M. com.tutorial.crud.security.controller.AuthController login
INFORMACIÓN: admin, intentando loggear 
abr. 13, 2022 11:15:44 A. M. com.tutorial.crud.security.controller.AuthController login
INFORMACIÓN: admin, log correcto 
abr. 13, 2022 11:15:44 A. M. com.tutorial.crud.security.controller.AuthController login
INFORMACIÓN: admin, intentando loggear 
abr. 13, 2022 11:15:44 A. M. com.tutorial.crud.security.controller.AuthController login
INFORMACIÓN: admin, log correcto 
abr. 13, 2022 11:15:45 A. M. com.tutorial.crud.security.controller.AuthController login
INFORMACIÓN: admin, intentando loggear 
abr. 13, 2022 11:15:45 A. M. com.tutorial.crud.security.controller.AuthController login
INFORMACIÓN: admin, log correcto 
abr. 13, 2022 11:15:45 A. M. com.tutorial.crud.security.controller.AuthController login
INFORMACIÓN: admin, intentando loggear 
abr. 13, 2022 11:15:45 A. M. com.tutorial.crud.security.controller.AuthController login
INFORMACIÓN: admin, log correcto 
abr. 13, 2022 11:15:46 A. M. com.tutorial.crud.security.controller.AuthController login
INFORMACIÓN: admin, intentando loggear 
abr. 13, 2022 11:15:46 A. M. com.tutorial.crud.security.controller.AuthController login
INFORMACIÓN: admin, log correcto 
abr. 13, 2022 11:15:46 A. M. com.tutorial.crud.security.controller.AuthController login
INFORMACIÓN: admin, intentando loggear 
abr. 13, 2022 11:15:46 A. M. com.tutorial.crud.security.controller.AuthController login
INFORMACIÓN: admin, log correcto 
abr. 13, 2022 11:15:46 A. M. com.tutorial.crud.security.controller.AuthController login
INFORMACIÓN: admin, intentando loggear 
abr. 13, 2022 11:15:47 A. M. com.tutorial.crud.security.controller.AuthController login
INFORMACIÓN: admin, log correcto 
abr. 13, 2022 11:15:47 A. M. com.tutorial.crud.security.controller.AuthController login
INFORMACIÓN: admin, intentando loggear 
abr. 13, 2022 11:15:47 A. M. com.tutorial.crud.security.controller.AuthController login
INFORMACIÓN: admin, log correcto 
abr. 13, 2022 11:15:47 A. M. com.tutorial.crud.security.controller.AuthController login
INFORMACIÓN: admin, intentando loggear 
abr. 13, 2022 11:15:47 A. M. com.tutorial.crud.security.controller.AuthController login
INFORMACIÓN: admin, log correcto 
abr. 13, 2022 11:15:48 A. M. com.tutorial.crud.security.controller.AuthController login
INFORMACIÓN: admin, intentando loggear 
abr. 13, 2022 11:15:48 A. M. com.tutorial.crud.security.controller.AuthController login
INFORMACIÓN: admin, log correcto 
abr. 13, 2022 11:15:48 A. M. com.tutorial.crud.security.controller.AuthController login
INFORMACIÓN: admin, intentando loggear 
abr. 13, 2022 11:15:48 A. M. com.tutorial.crud.security.controller.AuthController login
INFORMACIÓN: admin, log correcto 
abr. 13, 2022 11:15:49 A. M. com.tutorial.crud.security.controller.AuthController login
INFORMACIÓN: admin, intentando loggear 
abr. 13, 2022 11:15:49 A. M. com.tutorial.crud.security.controller.AuthController login
INFORMACIÓN: admin, log correcto 
abr. 13, 2022 11:15:49 A. M. com.tutorial.crud.security.controller.AuthController login
INFORMACIÓN: admin, intentando loggear 
abr. 13, 2022 11:15:49 A. M. com.tutorial.crud.security.controller.AuthController login
INFORMACIÓN: admin, log correcto 
abr. 13, 2022 11:15:49 A. M. com.tutorial.crud.security.controller.AuthController login
INFORMACIÓN: admin, intentando loggear 
abr. 13, 2022 11:15:49 A. M. com.tutorial.crud.security.controller.AuthController login
INFORMACIÓN: admin, log correcto 
abr. 13, 2022 11:15:50 A. M. com.tutorial.crud.security.controller.AuthController login
INFORMACIÓN: admin, intentando loggear 
abr. 13, 2022 11:15:50 A. M. com.tutorial.crud.security.controller.AuthController login
INFORMACIÓN: admin, log correcto 
abr. 13, 2022 11:15:50 A. M. com.tutorial.crud.security.controller.AuthController login
INFORMACIÓN: admin, intentando loggear 
abr. 13, 2022 11:15:50 A. M. com.tutorial.crud.security.controller.AuthController login
INFORMACIÓN: admin, log correcto 
abr. 13, 2022 11:15:50 A. M. com.tutorial.crud.security.controller.AuthController login
INFORMACIÓN: admin, intentando loggear 
abr. 13, 2022 11:15:50 A. M. com.tutorial.crud.security.controller.AuthController login
INFORMACIÓN: admin, log correcto 
abr. 13, 2022 11:15:51 A. M. com.tutorial.crud.security.controller.AuthController login
INFORMACIÓN: admin, intentando loggear 
abr. 13, 2022 11:15:51 A. M. com.tutorial.crud.security.controller.AuthController login
INFORMACIÓN: admin, log correcto 
abr. 13, 2022 11:15:51 A. M. com.tutorial.crud.security.controller.AuthController login
INFORMACIÓN: admin, intentando loggear 
abr. 13, 2022 11:15:51 A. M. com.tutorial.crud.security.controller.AuthController login
INFORMACIÓN: admin, log correcto 
abr. 13, 2022 11:15:51 A. M. com.tutorial.crud.security.controller.AuthController login
INFORMACIÓN: admin, intentando loggear 
abr. 13, 2022 11:15:52 A. M. com.tutorial.crud.security.controller.AuthController login
INFORMACIÓN: admin, log correcto 
abr. 13, 2022 11:15:52 A. M. com.tutorial.crud.security.controller.AuthController login
INFORMACIÓN: admin, intentando loggear 
abr. 13, 2022 11:15:52 A. M. com.tutorial.crud.security.controller.AuthController login
INFORMACIÓN: admin, log correcto 
