2022-08-31 09:46:22.137  INFO 11832 --- [restartedMain] com.tutorial.crud.CrudApplication        : Starting CrudApplication on FCAPA4CAJ4PC01 with PID 11832 (C:\Users\Admin\alpha\target\classes started by Admin in C:\Users\Admin\alpha)
2022-08-31 09:46:22.140  INFO 11832 --- [restartedMain] com.tutorial.crud.CrudApplication        : No active profile set, falling back to default profiles: default
2022-08-31 09:46:22.192  INFO 11832 --- [restartedMain] .e.DevToolsPropertyDefaultsPostProcessor : Devtools property defaults active! Set 'spring.devtools.add-properties' to 'false' to disable
2022-08-31 09:46:22.192  INFO 11832 --- [restartedMain] .e.DevToolsPropertyDefaultsPostProcessor : For additional web related logging consider setting the 'logging.level.web' property to 'DEBUG'
2022-08-31 09:46:25.490  INFO 11832 --- [restartedMain] .s.d.r.c.RepositoryConfigurationDelegate : Bootstrapping Spring Data JPA repositories in DEFERRED mode.
2022-08-31 09:46:25.778  INFO 11832 --- [restartedMain] .s.d.r.c.RepositoryConfigurationDelegate : Finished Spring Data repository scanning in 278ms. Found 55 JPA repository interfaces.
2022-08-31 09:46:26.182  INFO 11832 --- [restartedMain] trationDelegate$BeanPostProcessorChecker : Bean 'org.springframework.security.access.expression.method.DefaultMethodSecurityExpressionHandler@e9b39e1' of type [org.springframework.security.access.expression.method.DefaultMethodSecurityExpressionHandler] is not eligible for getting processed by all BeanPostProcessors (for example: not eligible for auto-proxying)
2022-08-31 09:46:26.187  INFO 11832 --- [restartedMain] trationDelegate$BeanPostProcessorChecker : Bean 'methodSecurityMetadataSource' of type [org.springframework.security.access.method.DelegatingMethodSecurityMetadataSource] is not eligible for getting processed by all BeanPostProcessors (for example: not eligible for auto-proxying)
2022-08-31 09:46:26.589  INFO 11832 --- [restartedMain] o.s.b.w.embedded.tomcat.TomcatWebServer  : Tomcat initialized with port(s): 8090 (http)
2022-08-31 09:46:26.602  INFO 11832 --- [restartedMain] o.apache.catalina.core.StandardService   : Starting service [Tomcat]
2022-08-31 09:46:26.603  INFO 11832 --- [restartedMain] org.apache.catalina.core.StandardEngine  : Starting Servlet engine: [Apache Tomcat/9.0.36]
2022-08-31 09:46:26.729  INFO 11832 --- [restartedMain] o.a.c.c.C.[Tomcat].[localhost].[/]       : Initializing Spring embedded WebApplicationContext
2022-08-31 09:46:26.730  INFO 11832 --- [restartedMain] w.s.c.ServletWebServerApplicationContext : Root WebApplicationContext: initialization completed in 4538 ms
2022-08-31 09:46:26.806  WARN 11832 --- [restartedMain] JpaBaseConfiguration$JpaWebConfiguration : spring.jpa.open-in-view is enabled by default. Therefore, database queries may be performed during view rendering. Explicitly configure spring.jpa.open-in-view to disable this warning
2022-08-31 09:46:26.945  INFO 11832 --- [restartedMain] o.s.s.concurrent.ThreadPoolTaskExecutor  : Initializing ExecutorService 'applicationTaskExecutor'
2022-08-31 09:46:27.082  INFO 11832 --- [task-1] o.hibernate.jpa.internal.util.LogHelper  : HHH000204: Processing PersistenceUnitInfo [name: default]
2022-08-31 09:46:27.169  INFO 11832 --- [task-1] org.hibernate.Version                    : HHH000412: Hibernate ORM core version 5.4.17.Final
2022-08-31 09:46:27.365  INFO 11832 --- [task-1] o.hibernate.annotations.common.Version   : HCANN000001: Hibernate Commons Annotations {5.1.0.Final}
2022-08-31 09:46:27.502  INFO 11832 --- [task-1] com.zaxxer.hikari.HikariDataSource       : HikariPool-1 - Starting...
2022-08-31 09:46:27.834  INFO 11832 --- [task-1] com.zaxxer.hikari.HikariDataSource       : HikariPool-1 - Start completed.
2022-08-31 09:46:27.871  INFO 11832 --- [task-1] org.hibernate.dialect.Dialect            : HHH000400: Using dialect: org.hibernate.dialect.PostgreSQL10Dialect
2022-08-31 09:46:28.214  INFO 11832 --- [restartedMain] o.s.s.web.DefaultSecurityFilterChain     : Creating filter chain: any request, [org.springframework.security.web.context.request.async.WebAsyncManagerIntegrationFilter@6b17ea60, org.springframework.security.web.context.SecurityContextPersistenceFilter@732aa4cd, org.springframework.security.web.header.HeaderWriterFilter@36238fab, org.springframework.web.filter.CorsFilter@d8f7511, org.springframework.security.web.authentication.logout.LogoutFilter@4ff91079, com.tutorial.crud.security.jwt.JwtTokenFilter@21d31535, org.springframework.security.web.savedrequest.RequestCacheAwareFilter@7d0d18a4, org.springframework.security.web.servletapi.SecurityContextHolderAwareRequestFilter@43a94977, org.springframework.security.web.authentication.AnonymousAuthenticationFilter@3bdc9963, org.springframework.security.web.session.SessionManagementFilter@32e09954, org.springframework.security.web.access.ExceptionTranslationFilter@1e2df362, org.springframework.security.web.access.intercept.FilterSecurityInterceptor@179ae151]
2022-08-31 09:46:28.430  WARN 11832 --- [task-1] org.hibernate.mapping.RootClass          : HHH000038: Composite-id class does not override equals(): com.tutorial.crud.entity.PedidoDetalleId
2022-08-31 09:46:28.431  WARN 11832 --- [task-1] org.hibernate.mapping.RootClass          : HHH000039: Composite-id class does not override hashCode(): com.tutorial.crud.entity.PedidoDetalleId
2022-08-31 09:46:28.588  INFO 11832 --- [restartedMain] o.s.b.d.a.OptionalLiveReloadServer       : LiveReload server is running on port 35729
2022-08-31 09:46:28.647  INFO 11832 --- [restartedMain] o.s.b.w.embedded.tomcat.TomcatWebServer  : Tomcat started on port(s): 8090 (http) with context path ''
2022-08-31 09:46:28.649  INFO 11832 --- [restartedMain] DeferredRepositoryInitializationListener : Triggering deferred initialization of Spring Data repositories…
2022-08-31 09:46:28.990  INFO 11832 --- [task-1] org.hibernate.tuple.PojoInstantiator     : HHH000182: No default (no-argument) constructor for class: com.tutorial.crud.entity.Registro (class must be instantiated by Interceptor)
2022-08-31 09:46:30.259  INFO 11832 --- [task-1] o.h.e.t.j.p.i.JtaPlatformInitiator       : HHH000490: Using JtaPlatform implementation: [org.hibernate.engine.transaction.jta.platform.internal.NoJtaPlatform]
2022-08-31 09:46:30.266  INFO 11832 --- [task-1] j.LocalContainerEntityManagerFactoryBean : Initialized JPA EntityManagerFactory for persistence unit 'default'
2022-08-31 09:46:31.487  INFO 11832 --- [restartedMain] DeferredRepositoryInitializationListener : Spring Data repositories initialized!
2022-08-31 09:46:31.494  INFO 11832 --- [restartedMain] com.tutorial.crud.CrudApplication        : Started CrudApplication in 9.775 seconds (JVM running for 13.419)
2022-08-31 09:46:44.228  INFO 11832 --- [Thread-205] j.LocalContainerEntityManagerFactoryBean : Closing JPA EntityManagerFactory for persistence unit 'default'
2022-08-31 09:46:44.229  INFO 11832 --- [Thread-205] o.s.s.concurrent.ThreadPoolTaskExecutor  : Shutting down ExecutorService 'applicationTaskExecutor'
2022-08-31 09:46:44.231  INFO 11832 --- [Thread-205] com.zaxxer.hikari.HikariDataSource       : HikariPool-1 - Shutdown initiated...
2022-08-31 09:46:44.235  INFO 11832 --- [Thread-205] com.zaxxer.hikari.HikariDataSource       : HikariPool-1 - Shutdown completed.
2022-08-31 09:46:44.327  INFO 11832 --- [restartedMain] com.tutorial.crud.CrudApplication        : Starting CrudApplication on FCAPA4CAJ4PC01 with PID 11832 (C:\Users\Admin\alpha\target\classes started by Admin in C:\Users\Admin\alpha)
2022-08-31 09:46:44.327  INFO 11832 --- [restartedMain] com.tutorial.crud.CrudApplication        : No active profile set, falling back to default profiles: default
2022-08-31 09:46:44.723  INFO 11832 --- [restartedMain] .s.d.r.c.RepositoryConfigurationDelegate : Bootstrapping Spring Data JPA repositories in DEFERRED mode.
2022-08-31 09:46:44.949  INFO 11832 --- [restartedMain] .s.d.r.c.RepositoryConfigurationDelegate : Finished Spring Data repository scanning in 225ms. Found 55 JPA repository interfaces.
2022-08-31 09:46:45.042  INFO 11832 --- [restartedMain] trationDelegate$BeanPostProcessorChecker : Bean 'org.springframework.security.access.expression.method.DefaultMethodSecurityExpressionHandler@64166b93' of type [org.springframework.security.access.expression.method.DefaultMethodSecurityExpressionHandler] is not eligible for getting processed by all BeanPostProcessors (for example: not eligible for auto-proxying)
2022-08-31 09:46:45.044  INFO 11832 --- [restartedMain] trationDelegate$BeanPostProcessorChecker : Bean 'methodSecurityMetadataSource' of type [org.springframework.security.access.method.DelegatingMethodSecurityMetadataSource] is not eligible for getting processed by all BeanPostProcessors (for example: not eligible for auto-proxying)
2022-08-31 09:46:45.106  INFO 11832 --- [restartedMain] o.s.b.w.embedded.tomcat.TomcatWebServer  : Tomcat initialized with port(s): 8090 (http)
2022-08-31 09:46:45.107  INFO 11832 --- [restartedMain] o.apache.catalina.core.StandardService   : Starting service [Tomcat]
2022-08-31 09:46:45.107  INFO 11832 --- [restartedMain] org.apache.catalina.core.StandardEngine  : Starting Servlet engine: [Apache Tomcat/9.0.36]
2022-08-31 09:46:45.135  INFO 11832 --- [restartedMain] o.a.c.c.C.[Tomcat].[localhost].[/]       : Initializing Spring embedded WebApplicationContext
2022-08-31 09:46:45.135  INFO 11832 --- [restartedMain] w.s.c.ServletWebServerApplicationContext : Root WebApplicationContext: initialization completed in 805 ms
2022-08-31 09:46:45.173  WARN 11832 --- [restartedMain] JpaBaseConfiguration$JpaWebConfiguration : spring.jpa.open-in-view is enabled by default. Therefore, database queries may be performed during view rendering. Explicitly configure spring.jpa.open-in-view to disable this warning
2022-08-31 09:46:45.206  INFO 11832 --- [restartedMain] o.s.s.concurrent.ThreadPoolTaskExecutor  : Initializing ExecutorService 'applicationTaskExecutor'
2022-08-31 09:46:45.263  INFO 11832 --- [task-1] o.hibernate.jpa.internal.util.LogHelper  : HHH000204: Processing PersistenceUnitInfo [name: default]
2022-08-31 09:46:45.274  INFO 11832 --- [task-1] com.zaxxer.hikari.HikariDataSource       : HikariPool-2 - Starting...
2022-08-31 09:46:45.336  INFO 11832 --- [task-1] com.zaxxer.hikari.HikariDataSource       : HikariPool-2 - Start completed.
2022-08-31 09:46:45.337  INFO 11832 --- [task-1] org.hibernate.dialect.Dialect            : HHH000400: Using dialect: org.hibernate.dialect.PostgreSQL10Dialect
2022-08-31 09:46:45.476  WARN 11832 --- [task-1] org.hibernate.mapping.RootClass          : HHH000038: Composite-id class does not override equals(): com.tutorial.crud.entity.PedidoDetalleId
2022-08-31 09:46:45.476  WARN 11832 --- [task-1] org.hibernate.mapping.RootClass          : HHH000039: Composite-id class does not override hashCode(): com.tutorial.crud.entity.PedidoDetalleId
2022-08-31 09:46:45.680  INFO 11832 --- [task-1] org.hibernate.tuple.PojoInstantiator     : HHH000182: No default (no-argument) constructor for class: com.tutorial.crud.entity.Registro (class must be instantiated by Interceptor)
2022-08-31 09:46:46.068  INFO 11832 --- [restartedMain] o.s.s.web.DefaultSecurityFilterChain     : Creating filter chain: any request, [org.springframework.security.web.context.request.async.WebAsyncManagerIntegrationFilter@182b000d, org.springframework.security.web.context.SecurityContextPersistenceFilter@28e809ca, org.springframework.security.web.header.HeaderWriterFilter@56f31ecf, org.springframework.web.filter.CorsFilter@3acbeacc, org.springframework.security.web.authentication.logout.LogoutFilter@4cf7c1df, com.tutorial.crud.security.jwt.JwtTokenFilter@952b3ab, org.springframework.security.web.savedrequest.RequestCacheAwareFilter@4afd14d8, org.springframework.security.web.servletapi.SecurityContextHolderAwareRequestFilter@4b66e2e, org.springframework.security.web.authentication.AnonymousAuthenticationFilter@5dec05db, org.springframework.security.web.session.SessionManagementFilter@3df3ab88, org.springframework.security.web.access.ExceptionTranslationFilter@58cff70, org.springframework.security.web.access.intercept.FilterSecurityInterceptor@ee4e067]
2022-08-31 09:46:46.219  INFO 11832 --- [restartedMain] o.s.b.d.a.OptionalLiveReloadServer       : LiveReload server is running on port 35729
2022-08-31 09:46:46.241  INFO 11832 --- [restartedMain] o.s.b.w.embedded.tomcat.TomcatWebServer  : Tomcat started on port(s): 8090 (http) with context path ''
2022-08-31 09:46:46.242  INFO 11832 --- [restartedMain] DeferredRepositoryInitializationListener : Triggering deferred initialization of Spring Data repositories…
2022-08-31 09:46:46.814  INFO 11832 --- [task-1] o.h.e.t.j.p.i.JtaPlatformInitiator       : HHH000490: Using JtaPlatform implementation: [org.hibernate.engine.transaction.jta.platform.internal.NoJtaPlatform]
2022-08-31 09:46:46.815  INFO 11832 --- [task-1] j.LocalContainerEntityManagerFactoryBean : Initialized JPA EntityManagerFactory for persistence unit 'default'
2022-08-31 09:46:47.782  INFO 11832 --- [restartedMain] DeferredRepositoryInitializationListener : Spring Data repositories initialized!
2022-08-31 09:46:47.785  INFO 11832 --- [restartedMain] com.tutorial.crud.CrudApplication        : Started CrudApplication in 3.488 seconds (JVM running for 29.71)
2022-08-31 09:46:47.787  INFO 11832 --- [restartedMain] .ConditionEvaluationDeltaLoggingListener : Condition evaluation unchanged
2022-08-31 09:51:57.782  INFO 11832 --- [Thread-213] j.LocalContainerEntityManagerFactoryBean : Closing JPA EntityManagerFactory for persistence unit 'default'
2022-08-31 09:51:57.783  INFO 11832 --- [Thread-213] o.s.s.concurrent.ThreadPoolTaskExecutor  : Shutting down ExecutorService 'applicationTaskExecutor'
2022-08-31 09:51:57.783  INFO 11832 --- [Thread-213] com.zaxxer.hikari.HikariDataSource       : HikariPool-2 - Shutdown initiated...
2022-08-31 09:51:57.789  INFO 11832 --- [Thread-213] com.zaxxer.hikari.HikariDataSource       : HikariPool-2 - Shutdown completed.
2022-08-31 09:51:57.890  INFO 11832 --- [restartedMain] com.tutorial.crud.CrudApplication        : Starting CrudApplication on FCAPA4CAJ4PC01 with PID 11832 (C:\Users\Admin\alpha\target\classes started by Admin in C:\Users\Admin\alpha)
2022-08-31 09:51:57.890  INFO 11832 --- [restartedMain] com.tutorial.crud.CrudApplication        : No active profile set, falling back to default profiles: default
2022-08-31 09:51:58.541  INFO 11832 --- [restartedMain] .s.d.r.c.RepositoryConfigurationDelegate : Bootstrapping Spring Data JPA repositories in DEFERRED mode.
2022-08-31 09:51:58.809  INFO 11832 --- [restartedMain] .s.d.r.c.RepositoryConfigurationDelegate : Finished Spring Data repository scanning in 268ms. Found 55 JPA repository interfaces.
2022-08-31 09:51:59.361  INFO 11832 --- [restartedMain] trationDelegate$BeanPostProcessorChecker : Bean 'org.springframework.security.access.expression.method.DefaultMethodSecurityExpressionHandler@95a5b0a' of type [org.springframework.security.access.expression.method.DefaultMethodSecurityExpressionHandler] is not eligible for getting processed by all BeanPostProcessors (for example: not eligible for auto-proxying)
2022-08-31 09:51:59.364  INFO 11832 --- [restartedMain] trationDelegate$BeanPostProcessorChecker : Bean 'methodSecurityMetadataSource' of type [org.springframework.security.access.method.DelegatingMethodSecurityMetadataSource] is not eligible for getting processed by all BeanPostProcessors (for example: not eligible for auto-proxying)
2022-08-31 09:51:59.469  INFO 11832 --- [restartedMain] o.s.b.w.embedded.tomcat.TomcatWebServer  : Tomcat initialized with port(s): 8090 (http)
2022-08-31 09:51:59.471  INFO 11832 --- [restartedMain] o.apache.catalina.core.StandardService   : Starting service [Tomcat]
2022-08-31 09:51:59.476  INFO 11832 --- [restartedMain] org.apache.catalina.core.StandardEngine  : Starting Servlet engine: [Apache Tomcat/9.0.36]
2022-08-31 09:51:59.532  INFO 11832 --- [restartedMain] o.a.c.c.C.[Tomcat].[localhost].[/]       : Initializing Spring embedded WebApplicationContext
2022-08-31 09:51:59.532  INFO 11832 --- [restartedMain] w.s.c.ServletWebServerApplicationContext : Root WebApplicationContext: initialization completed in 1638 ms
2022-08-31 09:51:59.577  WARN 11832 --- [restartedMain] JpaBaseConfiguration$JpaWebConfiguration : spring.jpa.open-in-view is enabled by default. Therefore, database queries may be performed during view rendering. Explicitly configure spring.jpa.open-in-view to disable this warning
2022-08-31 09:51:59.615  INFO 11832 --- [restartedMain] o.s.s.concurrent.ThreadPoolTaskExecutor  : Initializing ExecutorService 'applicationTaskExecutor'
2022-08-31 09:51:59.672  INFO 11832 --- [task-1] o.hibernate.jpa.internal.util.LogHelper  : HHH000204: Processing PersistenceUnitInfo [name: default]
2022-08-31 09:51:59.685  INFO 11832 --- [task-1] com.zaxxer.hikari.HikariDataSource       : HikariPool-3 - Starting...
2022-08-31 09:51:59.752  INFO 11832 --- [task-1] com.zaxxer.hikari.HikariDataSource       : HikariPool-3 - Start completed.
2022-08-31 09:51:59.753  INFO 11832 --- [task-1] org.hibernate.dialect.Dialect            : HHH000400: Using dialect: org.hibernate.dialect.PostgreSQL10Dialect
2022-08-31 09:51:59.902  WARN 11832 --- [task-1] org.hibernate.mapping.RootClass          : HHH000038: Composite-id class does not override equals(): com.tutorial.crud.entity.PedidoDetalleId
2022-08-31 09:51:59.902  WARN 11832 --- [task-1] org.hibernate.mapping.RootClass          : HHH000039: Composite-id class does not override hashCode(): com.tutorial.crud.entity.PedidoDetalleId
2022-08-31 09:52:00.545  INFO 11832 --- [task-1] org.hibernate.tuple.PojoInstantiator     : HHH000182: No default (no-argument) constructor for class: com.tutorial.crud.entity.Registro (class must be instantiated by Interceptor)
2022-08-31 09:52:00.754  INFO 11832 --- [restartedMain] o.s.s.web.DefaultSecurityFilterChain     : Creating filter chain: any request, [org.springframework.security.web.context.request.async.WebAsyncManagerIntegrationFilter@9afac71, org.springframework.security.web.context.SecurityContextPersistenceFilter@2268ddfd, org.springframework.security.web.header.HeaderWriterFilter@3c30b164, org.springframework.web.filter.CorsFilter@4c84b535, org.springframework.security.web.authentication.logout.LogoutFilter@258623c7, com.tutorial.crud.security.jwt.JwtTokenFilter@1d5dc368, org.springframework.security.web.savedrequest.RequestCacheAwareFilter@634c17bf, org.springframework.security.web.servletapi.SecurityContextHolderAwareRequestFilter@5ace3123, org.springframework.security.web.authentication.AnonymousAuthenticationFilter@36a6c395, org.springframework.security.web.session.SessionManagementFilter@69ae53da, org.springframework.security.web.access.ExceptionTranslationFilter@5388ba4, org.springframework.security.web.access.intercept.FilterSecurityInterceptor@249274c3]
2022-08-31 09:52:00.916  INFO 11832 --- [restartedMain] o.s.b.d.a.OptionalLiveReloadServer       : LiveReload server is running on port 35729
2022-08-31 09:52:00.941  INFO 11832 --- [restartedMain] o.s.b.w.embedded.tomcat.TomcatWebServer  : Tomcat started on port(s): 8090 (http) with context path ''
2022-08-31 09:52:00.942  INFO 11832 --- [restartedMain] DeferredRepositoryInitializationListener : Triggering deferred initialization of Spring Data repositories…
2022-08-31 09:52:01.677  INFO 11832 --- [task-1] o.h.e.t.j.p.i.JtaPlatformInitiator       : HHH000490: Using JtaPlatform implementation: [org.hibernate.engine.transaction.jta.platform.internal.NoJtaPlatform]
2022-08-31 09:52:01.678  INFO 11832 --- [task-1] j.LocalContainerEntityManagerFactoryBean : Initialized JPA EntityManagerFactory for persistence unit 'default'
2022-08-31 09:52:02.689  INFO 11832 --- [restartedMain] DeferredRepositoryInitializationListener : Spring Data repositories initialized!
2022-08-31 09:52:02.693  INFO 11832 --- [restartedMain] com.tutorial.crud.CrudApplication        : Started CrudApplication in 4.835 seconds (JVM running for 344.618)
2022-08-31 09:52:02.695  INFO 11832 --- [restartedMain] .ConditionEvaluationDeltaLoggingListener : Condition evaluation unchanged
2022-08-31 09:52:42.078  INFO 11832 --- [Thread-472] j.LocalContainerEntityManagerFactoryBean : Closing JPA EntityManagerFactory for persistence unit 'default'
2022-08-31 09:52:42.080  INFO 11832 --- [Thread-472] o.s.s.concurrent.ThreadPoolTaskExecutor  : Shutting down ExecutorService 'applicationTaskExecutor'
2022-08-31 09:52:42.080  INFO 11832 --- [Thread-472] com.zaxxer.hikari.HikariDataSource       : HikariPool-3 - Shutdown initiated...
2022-08-31 09:52:42.084  INFO 11832 --- [Thread-472] com.zaxxer.hikari.HikariDataSource       : HikariPool-3 - Shutdown completed.
2022-08-31 09:52:42.182  INFO 11832 --- [restartedMain] com.tutorial.crud.CrudApplication        : Starting CrudApplication on FCAPA4CAJ4PC01 with PID 11832 (C:\Users\Admin\alpha\target\classes started by Admin in C:\Users\Admin\alpha)
2022-08-31 09:52:42.182  INFO 11832 --- [restartedMain] com.tutorial.crud.CrudApplication        : No active profile set, falling back to default profiles: default
2022-08-31 09:52:42.549  INFO 11832 --- [restartedMain] .s.d.r.c.RepositoryConfigurationDelegate : Bootstrapping Spring Data JPA repositories in DEFERRED mode.
2022-08-31 09:52:42.773  INFO 11832 --- [restartedMain] .s.d.r.c.RepositoryConfigurationDelegate : Finished Spring Data repository scanning in 224ms. Found 55 JPA repository interfaces.
2022-08-31 09:52:42.857  INFO 11832 --- [restartedMain] trationDelegate$BeanPostProcessorChecker : Bean 'org.springframework.security.access.expression.method.DefaultMethodSecurityExpressionHandler@14ef4738' of type [org.springframework.security.access.expression.method.DefaultMethodSecurityExpressionHandler] is not eligible for getting processed by all BeanPostProcessors (for example: not eligible for auto-proxying)
2022-08-31 09:52:42.859  INFO 11832 --- [restartedMain] trationDelegate$BeanPostProcessorChecker : Bean 'methodSecurityMetadataSource' of type [org.springframework.security.access.method.DelegatingMethodSecurityMetadataSource] is not eligible for getting processed by all BeanPostProcessors (for example: not eligible for auto-proxying)
2022-08-31 09:52:42.926  INFO 11832 --- [restartedMain] o.s.b.w.embedded.tomcat.TomcatWebServer  : Tomcat initialized with port(s): 8090 (http)
2022-08-31 09:52:42.926  INFO 11832 --- [restartedMain] o.apache.catalina.core.StandardService   : Starting service [Tomcat]
2022-08-31 09:52:42.927  INFO 11832 --- [restartedMain] org.apache.catalina.core.StandardEngine  : Starting Servlet engine: [Apache Tomcat/9.0.36]
2022-08-31 09:52:42.954  INFO 11832 --- [restartedMain] o.a.c.c.C.[Tomcat].[localhost].[/]       : Initializing Spring embedded WebApplicationContext
2022-08-31 09:52:42.954  INFO 11832 --- [restartedMain] w.s.c.ServletWebServerApplicationContext : Root WebApplicationContext: initialization completed in 770 ms
2022-08-31 09:52:43.006  WARN 11832 --- [restartedMain] JpaBaseConfiguration$JpaWebConfiguration : spring.jpa.open-in-view is enabled by default. Therefore, database queries may be performed during view rendering. Explicitly configure spring.jpa.open-in-view to disable this warning
2022-08-31 09:52:43.043  INFO 11832 --- [restartedMain] o.s.s.concurrent.ThreadPoolTaskExecutor  : Initializing ExecutorService 'applicationTaskExecutor'
2022-08-31 09:52:43.099  INFO 11832 --- [task-1] o.hibernate.jpa.internal.util.LogHelper  : HHH000204: Processing PersistenceUnitInfo [name: default]
2022-08-31 09:52:43.109  INFO 11832 --- [task-1] com.zaxxer.hikari.HikariDataSource       : HikariPool-4 - Starting...
2022-08-31 09:52:43.163  INFO 11832 --- [task-1] com.zaxxer.hikari.HikariDataSource       : HikariPool-4 - Start completed.
2022-08-31 09:52:43.164  INFO 11832 --- [task-1] org.hibernate.dialect.Dialect            : HHH000400: Using dialect: org.hibernate.dialect.PostgreSQL10Dialect
2022-08-31 09:52:43.267  WARN 11832 --- [task-1] org.hibernate.mapping.RootClass          : HHH000038: Composite-id class does not override equals(): com.tutorial.crud.entity.PedidoDetalleId
2022-08-31 09:52:43.267  WARN 11832 --- [task-1] org.hibernate.mapping.RootClass          : HHH000039: Composite-id class does not override hashCode(): com.tutorial.crud.entity.PedidoDetalleId
2022-08-31 09:52:43.454  INFO 11832 --- [task-1] org.hibernate.tuple.PojoInstantiator     : HHH000182: No default (no-argument) constructor for class: com.tutorial.crud.entity.Registro (class must be instantiated by Interceptor)
2022-08-31 09:52:43.835  INFO 11832 --- [restartedMain] o.s.s.web.DefaultSecurityFilterChain     : Creating filter chain: any request, [org.springframework.security.web.context.request.async.WebAsyncManagerIntegrationFilter@7768f3a9, org.springframework.security.web.context.SecurityContextPersistenceFilter@12f39932, org.springframework.security.web.header.HeaderWriterFilter@53a3c29d, org.springframework.web.filter.CorsFilter@193ca9a7, org.springframework.security.web.authentication.logout.LogoutFilter@c17f603, com.tutorial.crud.security.jwt.JwtTokenFilter@1a1ccc07, org.springframework.security.web.savedrequest.RequestCacheAwareFilter@2315c0cd, org.springframework.security.web.servletapi.SecurityContextHolderAwareRequestFilter@6e6f5918, org.springframework.security.web.authentication.AnonymousAuthenticationFilter@30f2a29a, org.springframework.security.web.session.SessionManagementFilter@2fa87118, org.springframework.security.web.access.ExceptionTranslationFilter@26f2f4bd, org.springframework.security.web.access.intercept.FilterSecurityInterceptor@10a87f0d]
2022-08-31 09:52:43.998  INFO 11832 --- [restartedMain] o.s.b.d.a.OptionalLiveReloadServer       : LiveReload server is running on port 35729
2022-08-31 09:52:44.025  INFO 11832 --- [restartedMain] o.s.b.w.embedded.tomcat.TomcatWebServer  : Tomcat started on port(s): 8090 (http) with context path ''
2022-08-31 09:52:44.026  INFO 11832 --- [restartedMain] DeferredRepositoryInitializationListener : Triggering deferred initialization of Spring Data repositories…
2022-08-31 09:52:44.582  INFO 11832 --- [task-1] o.h.e.t.j.p.i.JtaPlatformInitiator       : HHH000490: Using JtaPlatform implementation: [org.hibernate.engine.transaction.jta.platform.internal.NoJtaPlatform]
2022-08-31 09:52:44.583  INFO 11832 --- [task-1] j.LocalContainerEntityManagerFactoryBean : Initialized JPA EntityManagerFactory for persistence unit 'default'
2022-08-31 09:52:45.565  INFO 11832 --- [restartedMain] DeferredRepositoryInitializationListener : Spring Data repositories initialized!
2022-08-31 09:52:45.568  INFO 11832 --- [restartedMain] com.tutorial.crud.CrudApplication        : Started CrudApplication in 3.414 seconds (JVM running for 387.493)
2022-08-31 09:52:45.570  INFO 11832 --- [restartedMain] .ConditionEvaluationDeltaLoggingListener : Condition evaluation unchanged
2022-08-31 09:53:05.482  INFO 11832 --- [Thread-689] j.LocalContainerEntityManagerFactoryBean : Closing JPA EntityManagerFactory for persistence unit 'default'
2022-08-31 09:53:05.482  INFO 11832 --- [Thread-689] o.s.s.concurrent.ThreadPoolTaskExecutor  : Shutting down ExecutorService 'applicationTaskExecutor'
2022-08-31 09:53:05.483  INFO 11832 --- [Thread-689] com.zaxxer.hikari.HikariDataSource       : HikariPool-4 - Shutdown initiated...
2022-08-31 09:53:05.486  INFO 11832 --- [Thread-689] com.zaxxer.hikari.HikariDataSource       : HikariPool-4 - Shutdown completed.
2022-08-31 09:53:05.599  INFO 11832 --- [restartedMain] com.tutorial.crud.CrudApplication        : Starting CrudApplication on FCAPA4CAJ4PC01 with PID 11832 (C:\Users\Admin\alpha\target\classes started by Admin in C:\Users\Admin\alpha)
2022-08-31 09:53:05.599  INFO 11832 --- [restartedMain] com.tutorial.crud.CrudApplication        : No active profile set, falling back to default profiles: default
2022-08-31 09:53:06.098  INFO 11832 --- [restartedMain] .s.d.r.c.RepositoryConfigurationDelegate : Bootstrapping Spring Data JPA repositories in DEFERRED mode.
2022-08-31 09:53:06.332  INFO 11832 --- [restartedMain] .s.d.r.c.RepositoryConfigurationDelegate : Finished Spring Data repository scanning in 232ms. Found 55 JPA repository interfaces.
2022-08-31 09:53:06.415  INFO 11832 --- [restartedMain] trationDelegate$BeanPostProcessorChecker : Bean 'org.springframework.security.access.expression.method.DefaultMethodSecurityExpressionHandler@47982e38' of type [org.springframework.security.access.expression.method.DefaultMethodSecurityExpressionHandler] is not eligible for getting processed by all BeanPostProcessors (for example: not eligible for auto-proxying)
2022-08-31 09:53:06.417  INFO 11832 --- [restartedMain] trationDelegate$BeanPostProcessorChecker : Bean 'methodSecurityMetadataSource' of type [org.springframework.security.access.method.DelegatingMethodSecurityMetadataSource] is not eligible for getting processed by all BeanPostProcessors (for example: not eligible for auto-proxying)
2022-08-31 09:53:06.474  INFO 11832 --- [restartedMain] o.s.b.w.embedded.tomcat.TomcatWebServer  : Tomcat initialized with port(s): 8090 (http)
2022-08-31 09:53:06.475  INFO 11832 --- [restartedMain] o.apache.catalina.core.StandardService   : Starting service [Tomcat]
2022-08-31 09:53:06.475  INFO 11832 --- [restartedMain] org.apache.catalina.core.StandardEngine  : Starting Servlet engine: [Apache Tomcat/9.0.36]
2022-08-31 09:53:06.503  INFO 11832 --- [restartedMain] o.a.c.c.C.[Tomcat].[localhost].[/]       : Initializing Spring embedded WebApplicationContext
2022-08-31 09:53:06.503  INFO 11832 --- [restartedMain] w.s.c.ServletWebServerApplicationContext : Root WebApplicationContext: initialization completed in 902 ms
2022-08-31 09:53:06.551  WARN 11832 --- [restartedMain] JpaBaseConfiguration$JpaWebConfiguration : spring.jpa.open-in-view is enabled by default. Therefore, database queries may be performed during view rendering. Explicitly configure spring.jpa.open-in-view to disable this warning
2022-08-31 09:53:06.586  INFO 11832 --- [restartedMain] o.s.s.concurrent.ThreadPoolTaskExecutor  : Initializing ExecutorService 'applicationTaskExecutor'
2022-08-31 09:53:06.641  INFO 11832 --- [task-1] o.hibernate.jpa.internal.util.LogHelper  : HHH000204: Processing PersistenceUnitInfo [name: default]
2022-08-31 09:53:06.650  INFO 11832 --- [task-1] com.zaxxer.hikari.HikariDataSource       : HikariPool-5 - Starting...
2022-08-31 09:53:06.706  INFO 11832 --- [task-1] com.zaxxer.hikari.HikariDataSource       : HikariPool-5 - Start completed.
2022-08-31 09:53:06.706  INFO 11832 --- [task-1] org.hibernate.dialect.Dialect            : HHH000400: Using dialect: org.hibernate.dialect.PostgreSQL10Dialect
2022-08-31 09:53:06.808  WARN 11832 --- [task-1] org.hibernate.mapping.RootClass          : HHH000038: Composite-id class does not override equals(): com.tutorial.crud.entity.PedidoDetalleId
2022-08-31 09:53:06.808  WARN 11832 --- [task-1] org.hibernate.mapping.RootClass          : HHH000039: Composite-id class does not override hashCode(): com.tutorial.crud.entity.PedidoDetalleId
2022-08-31 09:53:07.021  INFO 11832 --- [task-1] org.hibernate.tuple.PojoInstantiator     : HHH000182: No default (no-argument) constructor for class: com.tutorial.crud.entity.Registro (class must be instantiated by Interceptor)
2022-08-31 09:53:07.465  INFO 11832 --- [restartedMain] o.s.s.web.DefaultSecurityFilterChain     : Creating filter chain: any request, [org.springframework.security.web.context.request.async.WebAsyncManagerIntegrationFilter@3d282209, org.springframework.security.web.context.SecurityContextPersistenceFilter@39869349, org.springframework.security.web.header.HeaderWriterFilter@4c91341e, org.springframework.web.filter.CorsFilter@167e336a, org.springframework.security.web.authentication.logout.LogoutFilter@6d81ab99, com.tutorial.crud.security.jwt.JwtTokenFilter@1218ad15, org.springframework.security.web.savedrequest.RequestCacheAwareFilter@55481b92, org.springframework.security.web.servletapi.SecurityContextHolderAwareRequestFilter@103cf4e1, org.springframework.security.web.authentication.AnonymousAuthenticationFilter@2eacf931, org.springframework.security.web.session.SessionManagementFilter@1fcdf225, org.springframework.security.web.access.ExceptionTranslationFilter@28c89d46, org.springframework.security.web.access.intercept.FilterSecurityInterceptor@7b0fb9b3]
2022-08-31 09:53:07.642  INFO 11832 --- [restartedMain] o.s.b.d.a.OptionalLiveReloadServer       : LiveReload server is running on port 35729
2022-08-31 09:53:07.666  INFO 11832 --- [restartedMain] o.s.b.w.embedded.tomcat.TomcatWebServer  : Tomcat started on port(s): 8090 (http) with context path ''
2022-08-31 09:53:07.666  INFO 11832 --- [restartedMain] DeferredRepositoryInitializationListener : Triggering deferred initialization of Spring Data repositories…
2022-08-31 09:53:08.207  INFO 11832 --- [task-1] o.h.e.t.j.p.i.JtaPlatformInitiator       : HHH000490: Using JtaPlatform implementation: [org.hibernate.engine.transaction.jta.platform.internal.NoJtaPlatform]
2022-08-31 09:53:08.207  INFO 11832 --- [task-1] j.LocalContainerEntityManagerFactoryBean : Initialized JPA EntityManagerFactory for persistence unit 'default'
2022-08-31 09:53:09.369  INFO 11832 --- [restartedMain] DeferredRepositoryInitializationListener : Spring Data repositories initialized!
2022-08-31 09:53:09.372  INFO 11832 --- [restartedMain] com.tutorial.crud.CrudApplication        : Started CrudApplication in 3.807 seconds (JVM running for 411.297)
2022-08-31 09:53:09.375  INFO 11832 --- [restartedMain] .ConditionEvaluationDeltaLoggingListener : Condition evaluation unchanged
2022-08-31 09:53:37.839  INFO 11832 --- [http-nio-8090-exec-1] o.a.c.c.C.[Tomcat].[localhost].[/]       : Initializing Spring DispatcherServlet 'dispatcherServlet'
2022-08-31 09:53:37.839  INFO 11832 --- [http-nio-8090-exec-1] o.s.web.servlet.DispatcherServlet        : Initializing Servlet 'dispatcherServlet'
2022-08-31 09:53:37.847  INFO 11832 --- [http-nio-8090-exec-1] o.s.web.servlet.DispatcherServlet        : Completed initialization in 7 ms
2022-08-31 09:53:38.220  INFO 11832 --- [http-nio-8090-exec-1] com.tutorial.crud.controller.Servicios   : Log level: INFO
2022-08-31 09:53:38.220 ERROR 11832 --- [http-nio-8090-exec-1] com.tutorial.crud.controller.Servicios   : Log level: ERROR
2022-08-31 09:53:38.220  WARN 11832 --- [http-nio-8090-exec-1] com.tutorial.crud.controller.Servicios   : Log level: WARN
2022-08-31 09:54:33.717  INFO 11832 --- [RMI TCP Connection(24)-127.0.0.1] inMXBeanRegistrar$SpringApplicationAdmin : Application shutdown requested.
2022-08-31 09:54:33.752  INFO 11832 --- [RMI TCP Connection(24)-127.0.0.1] j.LocalContainerEntityManagerFactoryBean : Closing JPA EntityManagerFactory for persistence unit 'default'
2022-08-31 09:54:33.753  INFO 11832 --- [RMI TCP Connection(24)-127.0.0.1] o.s.s.concurrent.ThreadPoolTaskExecutor  : Shutting down ExecutorService 'applicationTaskExecutor'
2022-08-31 09:54:33.753  INFO 11832 --- [RMI TCP Connection(24)-127.0.0.1] com.zaxxer.hikari.HikariDataSource       : HikariPool-5 - Shutdown initiated...
2022-08-31 09:54:33.760  INFO 11832 --- [RMI TCP Connection(24)-127.0.0.1] com.zaxxer.hikari.HikariDataSource       : HikariPool-5 - Shutdown completed.
